<?xml version="1.0" encoding="UTF-8"?>
<testsuite xmlns:xsi="http://www.w3.org/2001/XMLSchema-instance" xsi:noNamespaceSchemaLocation="https://maven.apache.org/surefire/maven-surefire-plugin/xsd/surefire-test-report.xsd" name="test.ExchangeWebServiceNBPTests" time="5.361" tests="5" errors="0" skipped="0" failures="0">
  <properties>
    <property name="java.specification.version" value="15"/>
    <property name="sun.cpu.isalist" value="amd64"/>
    <property name="sun.jnu.encoding" value="Cp1250"/>
    <property name="java.class.path" value="C:\Projects\ExchangesRate\target\test-classes;C:\Projects\ExchangesRate\target\classes;C:\Users\kamil.wojtasinski\.m2\repository\org\hibernate\hibernate-entitymanager\5.4.27.Final\hibernate-entitymanager-5.4.27.Final.jar;C:\Users\kamil.wojtasinski\.m2\repository\org\jboss\logging\jboss-logging\3.4.1.Final\jboss-logging-3.4.1.Final.jar;C:\Users\kamil.wojtasinski\.m2\repository\org\hibernate\hibernate-core\5.4.27.Final\hibernate-core-5.4.27.Final.jar;C:\Users\kamil.wojtasinski\.m2\repository\org\javassist\javassist\3.27.0-GA\javassist-3.27.0-GA.jar;C:\Users\kamil.wojtasinski\.m2\repository\antlr\antlr\2.7.7\antlr-2.7.7.jar;C:\Users\kamil.wojtasinski\.m2\repository\org\jboss\jandex\2.1.3.Final\jandex-2.1.3.Final.jar;C:\Users\kamil.wojtasinski\.m2\repository\com\fasterxml\classmate\1.5.1\classmate-1.5.1.jar;C:\Users\kamil.wojtasinski\.m2\repository\javax\activation\javax.activation-api\1.2.0\javax.activation-api-1.2.0.jar;C:\Users\kamil.wojtasinski\.m2\repository\javax\xml\bind\jaxb-api\2.3.1\jaxb-api-2.3.1.jar;C:\Users\kamil.wojtasinski\.m2\repository\org\glassfish\jaxb\jaxb-runtime\2.3.1\jaxb-runtime-2.3.1.jar;C:\Users\kamil.wojtasinski\.m2\repository\org\glassfish\jaxb\txw2\2.3.1\txw2-2.3.1.jar;C:\Users\kamil.wojtasinski\.m2\repository\com\sun\istack\istack-commons-runtime\3.0.7\istack-commons-runtime-3.0.7.jar;C:\Users\kamil.wojtasinski\.m2\repository\org\jvnet\staxex\stax-ex\1.8\stax-ex-1.8.jar;C:\Users\kamil.wojtasinski\.m2\repository\com\sun\xml\fastinfoset\FastInfoset\1.2.15\FastInfoset-1.2.15.jar;C:\Users\kamil.wojtasinski\.m2\repository\org\dom4j\dom4j\2.1.3\dom4j-2.1.3.jar;C:\Users\kamil.wojtasinski\.m2\repository\org\hibernate\common\hibernate-commons-annotations\5.1.2.Final\hibernate-commons-annotations-5.1.2.Final.jar;C:\Users\kamil.wojtasinski\.m2\repository\javax\persistence\javax.persistence-api\2.2\javax.persistence-api-2.2.jar;C:\Users\kamil.wojtasinski\.m2\repository\net\bytebuddy\byte-buddy\1.10.17\byte-buddy-1.10.17.jar;C:\Users\kamil.wojtasinski\.m2\repository\org\jboss\spec\javax\transaction\jboss-transaction-api_1.2_spec\1.1.1.Final\jboss-transaction-api_1.2_spec-1.1.1.Final.jar;C:\Users\kamil.wojtasinski\.m2\repository\org\postgresql\postgresql\42.2.18\postgresql-42.2.18.jar;C:\Users\kamil.wojtasinski\.m2\repository\org\checkerframework\checker-qual\3.5.0\checker-qual-3.5.0.jar;C:\Users\kamil.wojtasinski\.m2\repository\org\json\json\20201115\json-20201115.jar;C:\Users\kamil.wojtasinski\.m2\repository\com\googlecode\json-simple\json-simple\1.1\json-simple-1.1.jar;C:\Users\kamil.wojtasinski\.m2\repository\com\fasterxml\jackson\dataformat\jackson-dataformat-xml\2.11.1\jackson-dataformat-xml-2.11.1.jar;C:\Users\kamil.wojtasinski\.m2\repository\com\fasterxml\jackson\core\jackson-annotations\2.11.1\jackson-annotations-2.11.1.jar;C:\Users\kamil.wojtasinski\.m2\repository\com\fasterxml\jackson\core\jackson-databind\2.11.1\jackson-databind-2.11.1.jar;C:\Users\kamil.wojtasinski\.m2\repository\com\fasterxml\jackson\module\jackson-module-jaxb-annotations\2.11.1\jackson-module-jaxb-annotations-2.11.1.jar;C:\Users\kamil.wojtasinski\.m2\repository\jakarta\xml\bind\jakarta.xml.bind-api\2.3.2\jakarta.xml.bind-api-2.3.2.jar;C:\Users\kamil.wojtasinski\.m2\repository\jakarta\activation\jakarta.activation-api\1.2.1\jakarta.activation-api-1.2.1.jar;C:\Users\kamil.wojtasinski\.m2\repository\org\codehaus\woodstox\stax2-api\4.2.1\stax2-api-4.2.1.jar;C:\Users\kamil.wojtasinski\.m2\repository\com\fasterxml\woodstox\woodstox-core\6.2.1\woodstox-core-6.2.1.jar;C:\Users\kamil.wojtasinski\.m2\repository\org\slf4j\slf4j-api\1.7.30\slf4j-api-1.7.30.jar;C:\Users\kamil.wojtasinski\.m2\repository\junit\junit\4.13\junit-4.13.jar;C:\Users\kamil.wojtasinski\.m2\repository\org\hamcrest\hamcrest-core\1.3\hamcrest-core-1.3.jar;C:\Users\kamil.wojtasinski\.m2\repository\org\assertj\assertj-core\3.19.0\assertj-core-3.19.0.jar;C:\Users\kamil.wojtasinski\.m2\repository\org\mockito\mockito-all\1.8.4\mockito-all-1.8.4.jar;C:\Users\kamil.wojtasinski\.m2\repository\org\powermock\powermock-module-junit4\2.0.9\powermock-module-junit4-2.0.9.jar;C:\Users\kamil.wojtasinski\.m2\repository\org\powermock\powermock-module-junit4-common\2.0.9\powermock-module-junit4-common-2.0.9.jar;C:\Users\kamil.wojtasinski\.m2\repository\org\powermock\powermock-reflect\2.0.9\powermock-reflect-2.0.9.jar;C:\Users\kamil.wojtasinski\.m2\repository\net\bytebuddy\byte-buddy-agent\1.10.14\byte-buddy-agent-1.10.14.jar;C:\Users\kamil.wojtasinski\.m2\repository\org\powermock\powermock-core\2.0.9\powermock-core-2.0.9.jar;C:\Users\kamil.wojtasinski\.m2\repository\org\powermock\powermock-api-easymock\2.0.9\powermock-api-easymock-2.0.9.jar;C:\Users\kamil.wojtasinski\.m2\repository\org\powermock\powermock-api-support\2.0.9\powermock-api-support-2.0.9.jar;C:\Users\kamil.wojtasinski\.m2\repository\cglib\cglib-nodep\3.2.9\cglib-nodep-3.2.9.jar;C:\Users\kamil.wojtasinski\.m2\repository\org\easymock\easymock\4.0.1\easymock-4.0.1.jar;C:\Users\kamil.wojtasinski\.m2\repository\org\objenesis\objenesis\3.0.1\objenesis-3.0.1.jar;C:\Users\kamil.wojtasinski\.m2\repository\org\mapstruct\mapstruct\1.4.2.Final\mapstruct-1.4.2.Final.jar;C:\Users\kamil.wojtasinski\.m2\repository\org\mapstruct\mapstruct-processor\1.4.2.Final\mapstruct-processor-1.4.2.Final.jar;C:\Users\kamil.wojtasinski\.m2\repository\log4j\log4j\1.2.17\log4j-1.2.17.jar;C:\Users\kamil.wojtasinski\.m2\repository\com\fasterxml\jackson\dataformat\jackson-dataformat-csv\2.12.1\jackson-dataformat-csv-2.12.1.jar;C:\Users\kamil.wojtasinski\.m2\repository\com\fasterxml\jackson\core\jackson-core\2.12.1\jackson-core-2.12.1.jar;"/>
    <property name="java.vm.vendor" value="Oracle Corporation"/>
    <property name="sun.arch.data.model" value="64"/>
    <property name="user.variant" value=""/>
    <property name="java.vendor.url" value="https://java.oracle.com/"/>
    <property name="user.timezone" value="Europe/Warsaw"/>
    <property name="os.name" value="Windows 10"/>
    <property name="java.vm.specification.version" value="15"/>
    <property name="sun.java.launcher" value="SUN_STANDARD"/>
    <property name="user.country" value="PL"/>
    <property name="sun.boot.library.path" value="C:\Program Files\Java\jdk-15.0.1\bin"/>
    <property name="sun.java.command" value="C:\Users\KAMIL~1.WOJ\AppData\Local\Temp\surefire15874266620286294577\surefirebooter4658380664409170304.jar C:\Users\kamil.wojtasinski\AppData\Local\Temp\surefire15874266620286294577 2021-02-15T10-48-23_394-jvmRun1 surefire17473096343088749317tmp surefire_013368506704378932440tmp"/>
    <property name="jdk.debug" value="release"/>
    <property name="surefire.test.class.path" value="C:\Projects\ExchangesRate\target\test-classes;C:\Projects\ExchangesRate\target\classes;C:\Users\kamil.wojtasinski\.m2\repository\org\hibernate\hibernate-entitymanager\5.4.27.Final\hibernate-entitymanager-5.4.27.Final.jar;C:\Users\kamil.wojtasinski\.m2\repository\org\jboss\logging\jboss-logging\3.4.1.Final\jboss-logging-3.4.1.Final.jar;C:\Users\kamil.wojtasinski\.m2\repository\org\hibernate\hibernate-core\5.4.27.Final\hibernate-core-5.4.27.Final.jar;C:\Users\kamil.wojtasinski\.m2\repository\org\javassist\javassist\3.27.0-GA\javassist-3.27.0-GA.jar;C:\Users\kamil.wojtasinski\.m2\repository\antlr\antlr\2.7.7\antlr-2.7.7.jar;C:\Users\kamil.wojtasinski\.m2\repository\org\jboss\jandex\2.1.3.Final\jandex-2.1.3.Final.jar;C:\Users\kamil.wojtasinski\.m2\repository\com\fasterxml\classmate\1.5.1\classmate-1.5.1.jar;C:\Users\kamil.wojtasinski\.m2\repository\javax\activation\javax.activation-api\1.2.0\javax.activation-api-1.2.0.jar;C:\Users\kamil.wojtasinski\.m2\repository\javax\xml\bind\jaxb-api\2.3.1\jaxb-api-2.3.1.jar;C:\Users\kamil.wojtasinski\.m2\repository\org\glassfish\jaxb\jaxb-runtime\2.3.1\jaxb-runtime-2.3.1.jar;C:\Users\kamil.wojtasinski\.m2\repository\org\glassfish\jaxb\txw2\2.3.1\txw2-2.3.1.jar;C:\Users\kamil.wojtasinski\.m2\repository\com\sun\istack\istack-commons-runtime\3.0.7\istack-commons-runtime-3.0.7.jar;C:\Users\kamil.wojtasinski\.m2\repository\org\jvnet\staxex\stax-ex\1.8\stax-ex-1.8.jar;C:\Users\kamil.wojtasinski\.m2\repository\com\sun\xml\fastinfoset\FastInfoset\1.2.15\FastInfoset-1.2.15.jar;C:\Users\kamil.wojtasinski\.m2\repository\org\dom4j\dom4j\2.1.3\dom4j-2.1.3.jar;C:\Users\kamil.wojtasinski\.m2\repository\org\hibernate\common\hibernate-commons-annotations\5.1.2.Final\hibernate-commons-annotations-5.1.2.Final.jar;C:\Users\kamil.wojtasinski\.m2\repository\javax\persistence\javax.persistence-api\2.2\javax.persistence-api-2.2.jar;C:\Users\kamil.wojtasinski\.m2\repository\net\bytebuddy\byte-buddy\1.10.17\byte-buddy-1.10.17.jar;C:\Users\kamil.wojtasinski\.m2\repository\org\jboss\spec\javax\transaction\jboss-transaction-api_1.2_spec\1.1.1.Final\jboss-transaction-api_1.2_spec-1.1.1.Final.jar;C:\Users\kamil.wojtasinski\.m2\repository\org\postgresql\postgresql\42.2.18\postgresql-42.2.18.jar;C:\Users\kamil.wojtasinski\.m2\repository\org\checkerframework\checker-qual\3.5.0\checker-qual-3.5.0.jar;C:\Users\kamil.wojtasinski\.m2\repository\org\json\json\20201115\json-20201115.jar;C:\Users\kamil.wojtasinski\.m2\repository\com\googlecode\json-simple\json-simple\1.1\json-simple-1.1.jar;C:\Users\kamil.wojtasinski\.m2\repository\com\fasterxml\jackson\dataformat\jackson-dataformat-xml\2.11.1\jackson-dataformat-xml-2.11.1.jar;C:\Users\kamil.wojtasinski\.m2\repository\com\fasterxml\jackson\core\jackson-annotations\2.11.1\jackson-annotations-2.11.1.jar;C:\Users\kamil.wojtasinski\.m2\repository\com\fasterxml\jackson\core\jackson-databind\2.11.1\jackson-databind-2.11.1.jar;C:\Users\kamil.wojtasinski\.m2\repository\com\fasterxml\jackson\module\jackson-module-jaxb-annotations\2.11.1\jackson-module-jaxb-annotations-2.11.1.jar;C:\Users\kamil.wojtasinski\.m2\repository\jakarta\xml\bind\jakarta.xml.bind-api\2.3.2\jakarta.xml.bind-api-2.3.2.jar;C:\Users\kamil.wojtasinski\.m2\repository\jakarta\activation\jakarta.activation-api\1.2.1\jakarta.activation-api-1.2.1.jar;C:\Users\kamil.wojtasinski\.m2\repository\org\codehaus\woodstox\stax2-api\4.2.1\stax2-api-4.2.1.jar;C:\Users\kamil.wojtasinski\.m2\repository\com\fasterxml\woodstox\woodstox-core\6.2.1\woodstox-core-6.2.1.jar;C:\Users\kamil.wojtasinski\.m2\repository\org\slf4j\slf4j-api\1.7.30\slf4j-api-1.7.30.jar;C:\Users\kamil.wojtasinski\.m2\repository\junit\junit\4.13\junit-4.13.jar;C:\Users\kamil.wojtasinski\.m2\repository\org\hamcrest\hamcrest-core\1.3\hamcrest-core-1.3.jar;C:\Users\kamil.wojtasinski\.m2\repository\org\assertj\assertj-core\3.19.0\assertj-core-3.19.0.jar;C:\Users\kamil.wojtasinski\.m2\repository\org\mockito\mockito-all\1.8.4\mockito-all-1.8.4.jar;C:\Users\kamil.wojtasinski\.m2\repository\org\powermock\powermock-module-junit4\2.0.9\powermock-module-junit4-2.0.9.jar;C:\Users\kamil.wojtasinski\.m2\repository\org\powermock\powermock-module-junit4-common\2.0.9\powermock-module-junit4-common-2.0.9.jar;C:\Users\kamil.wojtasinski\.m2\repository\org\powermock\powermock-reflect\2.0.9\powermock-reflect-2.0.9.jar;C:\Users\kamil.wojtasinski\.m2\repository\net\bytebuddy\byte-buddy-agent\1.10.14\byte-buddy-agent-1.10.14.jar;C:\Users\kamil.wojtasinski\.m2\repository\org\powermock\powermock-core\2.0.9\powermock-core-2.0.9.jar;C:\Users\kamil.wojtasinski\.m2\repository\org\powermock\powermock-api-easymock\2.0.9\powermock-api-easymock-2.0.9.jar;C:\Users\kamil.wojtasinski\.m2\repository\org\powermock\powermock-api-support\2.0.9\powermock-api-support-2.0.9.jar;C:\Users\kamil.wojtasinski\.m2\repository\cglib\cglib-nodep\3.2.9\cglib-nodep-3.2.9.jar;C:\Users\kamil.wojtasinski\.m2\repository\org\easymock\easymock\4.0.1\easymock-4.0.1.jar;C:\Users\kamil.wojtasinski\.m2\repository\org\objenesis\objenesis\3.0.1\objenesis-3.0.1.jar;C:\Users\kamil.wojtasinski\.m2\repository\org\mapstruct\mapstruct\1.4.2.Final\mapstruct-1.4.2.Final.jar;C:\Users\kamil.wojtasinski\.m2\repository\org\mapstruct\mapstruct-processor\1.4.2.Final\mapstruct-processor-1.4.2.Final.jar;C:\Users\kamil.wojtasinski\.m2\repository\log4j\log4j\1.2.17\log4j-1.2.17.jar;C:\Users\kamil.wojtasinski\.m2\repository\com\fasterxml\jackson\dataformat\jackson-dataformat-csv\2.12.1\jackson-dataformat-csv-2.12.1.jar;C:\Users\kamil.wojtasinski\.m2\repository\com\fasterxml\jackson\core\jackson-core\2.12.1\jackson-core-2.12.1.jar;"/>
    <property name="sun.cpu.endian" value="little"/>
    <property name="user.home" value="C:\Users\kamil.wojtasinski"/>
    <property name="user.language" value="pl"/>
    <property name="java.specification.vendor" value="Oracle Corporation"/>
    <property name="java.version.date" value="2020-10-20"/>
    <property name="java.home" value="C:\Program Files\Java\jdk-15.0.1"/>
    <property name="file.separator" value="\"/>
    <property name="basedir" value="C:\Projects\ExchangesRate"/>
    <property name="java.vm.compressedOopsMode" value="Zero based"/>
    <property name="line.separator" value="&#10;"/>
    <property name="java.vm.specification.vendor" value="Oracle Corporation"/>
    <property name="java.specification.name" value="Java Platform API Specification"/>
    <property name="surefire.real.class.path" value="C:\Users\KAMIL~1.WOJ\AppData\Local\Temp\surefire15874266620286294577\surefirebooter4658380664409170304.jar"/>
    <property name="user.script" value=""/>
    <property name="sun.management.compiler" value="HotSpot 64-Bit Tiered Compilers"/>
    <property name="java.runtime.version" value="15.0.1+9-18"/>
    <property name="user.name" value="kamil.wojtasinski"/>
    <property name="path.separator" value=";"/>
    <property name="os.version" value="10.0"/>
    <property name="java.runtime.name" value="Java(TM) SE Runtime Environment"/>
    <property name="file.encoding" value="Cp1250"/>
    <property name="java.vm.name" value="Java HotSpot(TM) 64-Bit Server VM"/>
    <property name="localRepository" value="C:\Users\kamil.wojtasinski\.m2\repository"/>
    <property name="java.vendor.url.bug" value="https://bugreport.java.com/bugreport/"/>
    <property name="java.io.tmpdir" value="C:\Users\KAMIL~1.WOJ\AppData\Local\Temp\"/>
    <property name="java.version" value="15.0.1"/>
    <property name="user.dir" value="C:\Projects\ExchangesRate"/>
    <property name="os.arch" value="amd64"/>
    <property name="java.vm.specification.name" value="Java Virtual Machine Specification"/>
    <property name="sun.os.patch.level" value=""/>
    <property name="java.library.path" value="C:\Program Files\Java\jdk-15.0.1\bin;C:\Windows\Sun\Java\bin;C:\Windows\system32;C:\Windows;C:/Program Files/Java/jdk-15.0.1/bin/server;C:/Program Files/Java/jdk-15.0.1/bin;C:\oraclexe\app\oracle\product\11.2.0\server\bin;C:\Program Files\Common Files\Oracle\Java\javapath;C:\Program Files (x86)\Common Files\Oracle\Java\javapath;C:\Windows\system32;C:\Windows;C:\Windows\System32\Wbem;C:\Windows\System32\WindowsPowerShell\v1.0\;C:\Windows\System32\OpenSSH\;C:\Program Files\Git\cmd;C:\Verto2017\apache-maven-3.0.4\bin;C:\Program Files\Java\jdk-15.0.1\bin;C:\Users\kamil.wojtasinski\AppData\Local\Microsoft\WindowsApps;;C:\Users\kamil.wojtasinski\Desktop;;."/>
    <property name="java.vm.info" value="mixed mode, sharing"/>
    <property name="java.vendor" value="Oracle Corporation"/>
    <property name="java.vm.version" value="15.0.1+9-18"/>
    <property name="sun.io.unicode.encoding" value="UnicodeLittle"/>
    <property name="java.class.version" value="59.0"/>
  </properties>
  <testcase name="shouldThrowExceptionMessage404" classname="test.ExchangeWebServiceNBPTests" time="0.045"/>
  <testcase name="shouldThrowExceptionMessage400" classname="test.ExchangeWebServiceNBPTests" time="0.001"/>
  <testcase name="shouldThrowExceptionMessageInvalidUrl" classname="test.ExchangeWebServiceNBPTests" time="0.001"/>
  <testcase name="shouldThrowExceptionMessageCheckUrl" classname="test.ExchangeWebServiceNBPTests" time="0.001"/>
  <testcase name="shouldThrowExceptionMessageTimeoutException" classname="test.ExchangeWebServiceNBPTests" time="5.021"/>
</testsuite>