<?xml version="1.0" encoding="UTF-8"?>
<!-- Generated by org.testng.reporters.JUnitReportReporter -->
<testsuite hostname="STREAMSOFT-0239" failures="0" tests="6" name="test.AppTest" time="12.952" errors="0" timestamp="2021-02-12T11:28:56 CET" skipped="0">
  <testcase classname="test.AppTest" name="shouldntAcceptDate" time="2.568"/>
  <system-out/>
  <testcase classname="test.AppTest" name="shouldntReturnExchangedCurrency" time="2.140"/>
  <system-out/>
  <testcase classname="test.AppTest" name="shouldMapExchangedCurrencyToCurrencyExchange" time="2.611"/>
  <system-out/>
  <testcase classname="test.AppTest" name="shouldntFoundCurrency" time="1.638"/>
  <system-out/>
  <testcase classname="test.AppTest" name="shouldAnswerWithTrue" time="1.636"/>
  <system-out/>
  <testcase classname="test.AppTest" name="shouldBeInvalidCurrency" time="2.359"/>
  <system-out/>
</testsuite> <!-- test.AppTest -->
