<?xml version="1.0" encoding="UTF-8"?>
<!-- Generated by org.testng.reporters.JUnitReportReporter -->
<testsuite hostname="STREAMSOFT-0239" failures="0" tests="1" name="test.JsonConverterTests" time="0.190" errors="0" timestamp="2021-02-14T21:41:47 CET" skipped="0">
  <testcase classname="test.JsonConverterTests" name="shouldntConvertToObject" time="0.190"/>
  <system-out/>
</testsuite> <!-- test.JsonConverterTests -->
