<?xml version="1.0" encoding="UTF-8"?>
<!-- Generated by org.testng.reporters.JUnitReportReporter -->
<testsuite hostname="STREAMSOFT-0239" failures="0" tests="1" name="test.TestPrivateMethods" time="5.342" errors="0" timestamp="2021-02-12T11:28:56 CET" skipped="0">
  <testcase classname="test.TestPrivateMethods" name="testReplaceData" time="5.342"/>
  <system-out/>
</testsuite> <!-- test.TestPrivateMethods -->
