<?xml version="1.0" encoding="UTF-8"?>
<!-- Generated by org.testng.reporters.JUnitReportReporter -->
<testsuite hostname="STREAMSOFT-0239" failures="0" tests="5" name="test.ExchangeWebServiceNBPTests" time="5.282" errors="0" timestamp="2021-02-14T21:41:47 CET" skipped="0">
  <testcase classname="test.ExchangeWebServiceNBPTests" name="shouldThrowExceptionMessageInvalidUrl" time="0.056"/>
  <system-out/>
  <testcase classname="test.ExchangeWebServiceNBPTests" name="shouldThrowExceptionMessage404" time="0.053"/>
  <system-out/>
  <testcase classname="test.ExchangeWebServiceNBPTests" name="shouldThrowExceptionMessage400" time="0.051"/>
  <system-out/>
  <testcase classname="test.ExchangeWebServiceNBPTests" name="shouldThrowExceptionMessageTimeoutException" time="5.068"/>
  <system-out/>
  <testcase classname="test.ExchangeWebServiceNBPTests" name="shouldThrowExceptionMessageCheckUrl" time="0.054"/>
  <system-out/>
</testsuite> <!-- test.ExchangeWebServiceNBPTests -->
