<?xml version="1.0" encoding="UTF-8"?>
<!-- Generated by org.testng.reporters.JUnitReportReporter -->
<testsuite hostname="STREAMSOFT-0239" failures="0" tests="6" name="test.ExchangeManagerTests" time="7.297" errors="0" timestamp="2021-02-14T21:41:47 CET" skipped="0">
  <testcase classname="test.ExchangeManagerTests" name="shouldAnswerWithTrue" time="0.172"/>
  <system-out/>
  <testcase classname="test.ExchangeManagerTests" name="shouldntAcceptDate" time="2.269"/>
  <system-out/>
  <testcase classname="test.ExchangeManagerTests" name="shouldBeInvalidCurrency" time="2.266"/>
  <system-out/>
  <testcase classname="test.ExchangeManagerTests" name="shouldntReturnExchangedCurrencyFromMockedConverterReturningNull" time="2.265"/>
  <system-out/>
  <testcase classname="test.ExchangeManagerTests" name="shouldReturnCurrencyFromMockedRepositoryReturningObject" time="0.171"/>
  <system-out/>
  <testcase classname="test.ExchangeManagerTests" name="shouldntFoundCurrency" time="0.154"/>
  <system-out/>
</testsuite> <!-- test.ExchangeManagerTests -->
